[INFO] Scanning for projects...
[INFO] 
[INFO] -----------------< org.example:JavaRestAssuredTestNG >------------------
[INFO] Building JavaRestAssuredTestNG 1.0-SNAPSHOT
[INFO]   from pom.xml
[INFO] --------------------------------[ jar ]---------------------------------
[INFO] 
[INFO] --- resources:3.3.1:resources (default-resources) @ JavaRestAssuredTestNG ---
[WARNING] Using platform encoding (ANSI_X3.4-1968 actually) to copy filtered resources, i.e. build is platform dependent!
[INFO] skip non existing resourceDirectory /app/src/main/resources
[INFO] 
[INFO] --- compiler:3.11.0:compile (default-compile) @ JavaRestAssuredTestNG ---
[INFO] Changes detected - recompiling the module! :source
[WARNING] File encoding has not been set, using platform encoding ANSI_X3.4-1968, i.e. build is platform dependent!
[INFO] Compiling 2 source files with javac [debug target 8] to target/classes
[WARNING] bootstrap class path not set in conjunction with -source 8
[INFO] 
[INFO] --- resources:3.3.1:testResources (default-testResources) @ JavaRestAssuredTestNG ---
[WARNING] Using platform encoding (ANSI_X3.4-1968 actually) to copy filtered resources, i.e. build is platform dependent!
[INFO] skip non existing resourceDirectory /app/src/test/resources
[INFO] 
[INFO] --- compiler:3.11.0:testCompile (default-testCompile) @ JavaRestAssuredTestNG ---
[INFO] Changes detected - recompiling the module! :dependency
[WARNING] File encoding has not been set, using platform encoding ANSI_X3.4-1968, i.e. build is platform dependent!
[INFO] Compiling 1 source file with javac [debug target 8] to target/test-classes
[WARNING] bootstrap class path not set in conjunction with -source 8
[INFO] 
[INFO] --- surefire:3.0.0-M4:test (default-test) @ JavaRestAssuredTestNG ---
Downloading from central: https://repo.maven.apache.org/maven2/org/apache/maven/surefire/surefire-junit-platform/3.0.0-M4/surefire-junit-platform-3.0.0-M4.jar
Progress (1): 1.4/23 kBProgress (1): 2.7/23 kBProgress (1): 4.1/23 kBProgress (1): 5.5/23 kBProgress (1): 6.9/23 kBProgress (1): 8.2/23 kBProgress (1): 9.6/23 kBProgress (1): 11/23 kB Progress (1): 12/23 kBProgress (1): 14/23 kBProgress (1): 15/23 kBProgress (1): 16/23 kBProgress (1): 18/23 kBProgress (1): 19/23 kBProgress (1): 21/23 kBProgress (1): 22/23 kBProgress (1): 23 kB                      Downloaded from central: https://repo.maven.apache.org/maven2/org/apache/maven/surefire/surefire-junit-platform/3.0.0-M4/surefire-junit-platform-3.0.0-M4.jar (23 kB at 56 kB/s)
Downloading from central: https://repo.maven.apache.org/maven2/org/apache/maven/surefire/surefire-junit-platform/3.0.0-M4/surefire-junit-platform-3.0.0-M4.pom
Progress (1): 1.4/6.7 kBProgress (1): 2.7/6.7 kBProgress (1): 4.1/6.7 kBProgress (1): 5.5/6.7 kBProgress (1): 6.7 kB                        Downloaded from central: https://repo.maven.apache.org/maven2/org/apache/maven/surefire/surefire-junit-platform/3.0.0-M4/surefire-junit-platform-3.0.0-M4.pom (6.7 kB at 96 kB/s)
Downloading from central: https://repo.maven.apache.org/maven2/org/apache/maven/surefire/surefire-providers/3.0.0-M4/surefire-providers-3.0.0-M4.pom
Progress (1): 1.4/2.5 kBProgress (1): 2.5 kB                        Downloaded from central: https://repo.maven.apache.org/maven2/org/apache/maven/surefire/surefire-providers/3.0.0-M4/surefire-providers-3.0.0-M4.pom (2.5 kB at 34 kB/s)
Downloading from central: https://repo.maven.apache.org/maven2/org/apache/maven/surefire/common-java5/3.0.0-M4/common-java5-3.0.0-M4.pom
Progress (1): 1.4/3.8 kBProgress (1): 2.7/3.8 kBProgress (1): 3.8 kB                        Downloaded from central: https://repo.maven.apache.org/maven2/org/apache/maven/surefire/common-java5/3.0.0-M4/common-java5-3.0.0-M4.pom (3.8 kB at 56 kB/s)
Downloading from central: https://repo.maven.apache.org/maven2/org/junit/platform/junit-platform-launcher/1.3.2/junit-platform-launcher-1.3.2.pom
Progress (1): 1.4/2.2 kBProgress (1): 2.2 kB                        Downloaded from central: https://repo.maven.apache.org/maven2/org/junit/platform/junit-platform-launcher/1.3.2/junit-platform-launcher-1.3.2.pom (2.2 kB at 31 kB/s)
Downloading from central: https://repo.maven.apache.org/maven2/org/apiguardian/apiguardian-api/1.0.0/apiguardian-api-1.0.0.pom
Progress (1): 1.2 kB                    Downloaded from central: https://repo.maven.apache.org/maven2/org/apiguardian/apiguardian-api/1.0.0/apiguardian-api-1.0.0.pom (1.2 kB at 16 kB/s)
Downloading from central: https://repo.maven.apache.org/maven2/org/junit/platform/junit-platform-engine/1.3.2/junit-platform-engine-1.3.2.pom
Progress (1): 1.4/2.4 kBProgress (1): 2.4 kB                        Downloaded from central: https://repo.maven.apache.org/maven2/org/junit/platform/junit-platform-engine/1.3.2/junit-platform-engine-1.3.2.pom (2.4 kB at 34 kB/s)
Downloading from central: https://repo.maven.apache.org/maven2/org/junit/platform/junit-platform-commons/1.3.2/junit-platform-commons-1.3.2.pom
Progress (1): 1.4/2.0 kBProgress (1): 2.0 kB                        Downloaded from central: https://repo.maven.apache.org/maven2/org/junit/platform/junit-platform-commons/1.3.2/junit-platform-commons-1.3.2.pom (2.0 kB at 29 kB/s)
Downloading from central: https://repo.maven.apache.org/maven2/org/opentest4j/opentest4j/1.1.1/opentest4j-1.1.1.pom
Progress (1): 1.4/1.7 kBProgress (1): 1.7 kB                        Downloaded from central: https://repo.maven.apache.org/maven2/org/opentest4j/opentest4j/1.1.1/opentest4j-1.1.1.pom (1.7 kB at 24 kB/s)
Downloading from central: https://repo.maven.apache.org/maven2/org/junit/jupiter/junit-jupiter-engine/5.3.2/junit-jupiter-engine-5.3.2.pom
Progress (1): 1.4/2.4 kBProgress (1): 2.4 kB                        Downloaded from central: https://repo.maven.apache.org/maven2/org/junit/jupiter/junit-jupiter-engine/5.3.2/junit-jupiter-engine-5.3.2.pom (2.4 kB at 31 kB/s)
Downloading from central: https://repo.maven.apache.org/maven2/org/junit/jupiter/junit-jupiter-api/5.3.2/junit-jupiter-api-5.3.2.pom
Progress (1): 1.4/2.4 kBProgress (1): 2.4 kB                        Downloaded from central: https://repo.maven.apache.org/maven2/org/junit/jupiter/junit-jupiter-api/5.3.2/junit-jupiter-api-5.3.2.pom (2.4 kB at 32 kB/s)
Downloading from central: https://repo.maven.apache.org/maven2/org/junit/jupiter/junit-jupiter-params/5.3.2/junit-jupiter-params-5.3.2.pom
Progress (1): 1.4/2.2 kBProgress (1): 2.2 kB                        Downloaded from central: https://repo.maven.apache.org/maven2/org/junit/jupiter/junit-jupiter-params/5.3.2/junit-jupiter-params-5.3.2.pom (2.2 kB at 28 kB/s)
Downloading from central: https://repo.maven.apache.org/maven2/org/mockito/mockito-core/2.27.0/mockito-core-2.27.0.pom
Progress (1): 16/19 kBProgress (1): 19 kB                      Downloaded from central: https://repo.maven.apache.org/maven2/org/mockito/mockito-core/2.27.0/mockito-core-2.27.0.pom (19 kB at 204 kB/s)
Downloading from central: https://repo.maven.apache.org/maven2/net/bytebuddy/byte-buddy/1.9.10/byte-buddy-1.9.10.pom
Progress (1): 10 kB                   Downloaded from central: https://repo.maven.apache.org/maven2/net/bytebuddy/byte-buddy/1.9.10/byte-buddy-1.9.10.pom (10 kB at 132 kB/s)
Downloading from central: https://repo.maven.apache.org/maven2/net/bytebuddy/byte-buddy-parent/1.9.10/byte-buddy-parent-1.9.10.pom
Progress (1): 16/36 kBProgress (1): 33/36 kBProgress (1): 36 kB                      Downloaded from central: https://repo.maven.apache.org/maven2/net/bytebuddy/byte-buddy-parent/1.9.10/byte-buddy-parent-1.9.10.pom (36 kB at 369 kB/s)
Downloading from central: https://repo.maven.apache.org/maven2/net/bytebuddy/byte-buddy-agent/1.9.10/byte-buddy-agent-1.9.10.pom
Progress (1): 6.0 kB                    Downloaded from central: https://repo.maven.apache.org/maven2/net/bytebuddy/byte-buddy-agent/1.9.10/byte-buddy-agent-1.9.10.pom (6.0 kB at 85 kB/s)
Downloading from central: https://repo.maven.apache.org/maven2/org/objenesis/objenesis/2.6/objenesis-2.6.pom
Progress (1): 2.8 kB                    Downloaded from central: https://repo.maven.apache.org/maven2/org/objenesis/objenesis/2.6/objenesis-2.6.pom (2.8 kB at 40 kB/s)
Downloading from central: https://repo.maven.apache.org/maven2/org/objenesis/objenesis-parent/2.6/objenesis-parent-2.6.pom
Progress (1): 16/17 kBProgress (1): 17 kB                      Downloaded from central: https://repo.maven.apache.org/maven2/org/objenesis/objenesis-parent/2.6/objenesis-parent-2.6.pom (17 kB at 229 kB/s)
Downloading from central: https://repo.maven.apache.org/maven2/org/powermock/powermock-reflect/2.0.4/powermock-reflect-2.0.4.pom
Progress (1): 7.2 kB                    Downloaded from central: https://repo.maven.apache.org/maven2/org/powermock/powermock-reflect/2.0.4/powermock-reflect-2.0.4.pom (7.2 kB at 104 kB/s)
Downloading from central: https://repo.maven.apache.org/maven2/org/objenesis/objenesis/3.0.1/objenesis-3.0.1.pom
Progress (1): 3.5 kB                    Downloaded from central: https://repo.maven.apache.org/maven2/org/objenesis/objenesis/3.0.1/objenesis-3.0.1.pom (3.5 kB at 49 kB/s)
Downloading from central: https://repo.maven.apache.org/maven2/org/objenesis/objenesis-parent/3.0.1/objenesis-parent-3.0.1.pom
Progress (1): 16/17 kBProgress (1): 17 kB                      Downloaded from central: https://repo.maven.apache.org/maven2/org/objenesis/objenesis-parent/3.0.1/objenesis-parent-3.0.1.pom (17 kB at 220 kB/s)
Downloading from central: https://repo.maven.apache.org/maven2/org/assertj/assertj-core/3.9.1/assertj-core-3.9.1.pom
Progress (1): 10 kB                   Downloaded from central: https://repo.maven.apache.org/maven2/org/assertj/assertj-core/3.9.1/assertj-core-3.9.1.pom (10 kB at 144 kB/s)
Downloading from central: https://repo.maven.apache.org/maven2/org/assertj/assertj-parent-pom/2.1.9/assertj-parent-pom-2.1.9.pom
Progress (1): 15 kB                   Downloaded from central: https://repo.maven.apache.org/maven2/org/assertj/assertj-parent-pom/2.1.9/assertj-parent-pom-2.1.9.pom (15 kB at 204 kB/s)
Downloading from central: https://repo.maven.apache.org/maven2/junit/junit/4.12/junit-4.12.pom
Progress (1): 16/24 kBProgress (1): 24 kB                      Downloaded from central: https://repo.maven.apache.org/maven2/junit/junit/4.12/junit-4.12.pom (24 kB at 296 kB/s)
Downloading from central: https://repo.maven.apache.org/maven2/org/hamcrest/hamcrest-library/1.3/hamcrest-library-1.3.pom
Progress (1): 820 B                   Downloaded from central: https://repo.maven.apache.org/maven2/org/hamcrest/hamcrest-library/1.3/hamcrest-library-1.3.pom (820 B at 12 kB/s)
Downloading from central: https://repo.maven.apache.org/maven2/org/hamcrest/hamcrest-parent/1.3/hamcrest-parent-1.3.pom
Progress (1): 2.0 kB                    Downloaded from central: https://repo.maven.apache.org/maven2/org/hamcrest/hamcrest-parent/1.3/hamcrest-parent-1.3.pom (2.0 kB at 25 kB/s)
Downloading from central: https://repo.maven.apache.org/maven2/org/hamcrest/hamcrest-core/1.3/hamcrest-core-1.3.pom
Progress (1): 766 B                   Downloaded from central: https://repo.maven.apache.org/maven2/org/hamcrest/hamcrest-core/1.3/hamcrest-core-1.3.pom (766 B at 10 kB/s)
Downloading from central: https://repo.maven.apache.org/maven2/org/easytesting/fest-assert/1.4/fest-assert-1.4.pom
Progress (1): 2.4 kB                    Downloaded from central: https://repo.maven.apache.org/maven2/org/easytesting/fest-assert/1.4/fest-assert-1.4.pom (2.4 kB at 32 kB/s)
Downloading from central: https://repo.maven.apache.org/maven2/org/easytesting/fest/1.0.8/fest-1.0.8.pom
Progress (1): 12 kB                   Downloaded from central: https://repo.maven.apache.org/maven2/org/easytesting/fest/1.0.8/fest-1.0.8.pom (12 kB at 157 kB/s)
Downloading from central: https://repo.maven.apache.org/maven2/org/easytesting/fest-util/1.1.6/fest-util-1.1.6.pom
Progress (1): 1.6 kB                    Downloaded from central: https://repo.maven.apache.org/maven2/org/easytesting/fest-util/1.1.6/fest-util-1.1.6.pom (1.6 kB at 21 kB/s)
Downloading from central: https://repo.maven.apache.org/maven2/org/apiguardian/apiguardian-api/1.0.0/apiguardian-api-1.0.0.jar
Downloading from central: https://repo.maven.apache.org/maven2/org/junit/platform/junit-platform-engine/1.3.2/junit-platform-engine-1.3.2.jar
Downloading from central: https://repo.maven.apache.org/maven2/org/apache/maven/surefire/common-java5/3.0.0-M4/common-java5-3.0.0-M4.jar
Downloading from central: https://repo.maven.apache.org/maven2/org/junit/platform/junit-platform-launcher/1.3.2/junit-platform-launcher-1.3.2.jar
Downloading from central: https://repo.maven.apache.org/maven2/org/junit/platform/junit-platform-commons/1.3.2/junit-platform-commons-1.3.2.jar
Progress (1): 16/138 kBProgress (1): 32/138 kBProgress (1): 49/138 kBProgress (1): 65/138 kBProgress (1): 81/138 kBProgress (1): 98/138 kBProgress (1): 114/138 kBProgress (1): 131/138 kBProgress (1): 138 kB                        Downloaded from central: https://repo.maven.apache.org/maven2/org/junit/platform/junit-platform-engine/1.3.2/junit-platform-engine-1.3.2.jar (138 kB at 849 kB/s)
Downloading from central: https://repo.maven.apache.org/maven2/org/opentest4j/opentest4j/1.1.1/opentest4j-1.1.1.jar
Progress (1): 1.4/78 kBProgress (1): 2.7/78 kBProgress (1): 4.1/78 kBProgress (1): 5.5/78 kBProgress (1): 6.9/78 kBProgress (1): 8.2/78 kBProgress (1): 9.6/78 kBProgress (1): 11/78 kB Progress (1): 12/78 kBProgress (1): 14/78 kBProgress (1): 15/78 kBProgress (1): 16/78 kBProgress (2): 16/78 kB | 1.4/33 kBProgress (2): 16/78 kB | 2.7/33 kBProgress (2): 16/78 kB | 4.1/33 kBProgress (2): 16/78 kB | 5.5/33 kBProgress (2): 16/78 kB | 6.9/33 kBProgress (2): 16/78 kB | 8.2/33 kBProgress (2): 16/78 kB | 9.6/33 kBProgress (2): 16/78 kB | 11/33 kB Progress (2): 16/78 kB | 12/33 kBProgress (2): 16/78 kB | 14/33 kBProgress (2): 16/78 kB | 15/33 kBProgress (2): 16/78 kB | 16/33 kBProgress (2): 16/78 kB | 17/33 kBProgress (2): 16/78 kB | 19/33 kBProgress (2): 16/78 kB | 20/33 kBProgress (2): 16/78 kB | 21/33 kBProgress (2): 16/78 kB | 23/33 kBProgress (2): 16/78 kB | 24/33 kBProgress (2): 16/78 kB | 25/33 kBProgress (2): 16/78 kB | 27/33 kBProgress (2): 32/78 kB | 27/33 kBProgress (2): 32/78 kB | 28/33 kBProgress (2): 32/78 kB | 30/33 kBProgress (2): 32/78 kB | 31/33 kBProgress (2): 32/78 kB | 32/33 kBProgress (2): 32/78 kB | 33 kB                                 Downloaded from central: https://repo.maven.apache.org/maven2/org/apache/maven/surefire/common-java5/3.0.0-M4/common-java5-3.0.0-M4.jar (33 kB at 143 kB/s)
Progress (2): 32/78 kB | 7.1 kB                               Downloaded from central: https://repo.maven.apache.org/maven2/org/opentest4j/opentest4j/1.1.1/opentest4j-1.1.1.jar (7.1 kB at 103 kB/s)
Progress (2): 32/78 kB | 1.4/95 kBProgress (2): 32/78 kB | 2.7/95 kBProgress (2): 32/78 kB | 4.1/95 kBProgress (2): 32/78 kB | 5.5/95 kBProgress (2): 32/78 kB | 6.8/95 kBProgress (2): 32/78 kB | 8.2/95 kBProgress (2): 32/78 kB | 9.6/95 kBProgress (2): 32/78 kB | 11/95 kB Progress (2): 32/78 kB | 12/95 kBProgress (2): 32/78 kB | 14/95 kBProgress (2): 49/78 kB | 14/95 kBProgress (2): 49/78 kB | 15/95 kBProgress (2): 49/78 kB | 16/95 kBProgress (3): 49/78 kB | 16/95 kB | 1.4/2.2 kBProgress (3): 49/78 kB | 16/95 kB | 2.2 kB                                              Downloaded from central: https://repo.maven.apache.org/maven2/org/apiguardian/apiguardian-api/1.0.0/apiguardian-api-1.0.0.jar (2.2 kB at 7.8 kB/s)
Progress (2): 65/78 kB | 16/95 kBProgress (2): 65/78 kB | 32/95 kBProgress (2): 78 kB | 32/95 kB                                 Downloaded from central: https://repo.maven.apache.org/maven2/org/junit/platform/junit-platform-commons/1.3.2/junit-platform-commons-1.3.2.jar (78 kB at 274 kB/s)
Progress (1): 49/95 kBProgress (1): 65/95 kBProgress (1): 81/95 kBProgress (1): 95 kB                      Downloaded from central: https://repo.maven.apache.org/maven2/org/junit/platform/junit-platform-launcher/1.3.2/junit-platform-launcher-1.3.2.jar (95 kB at 275 kB/s)
Downloading from central: https://repo.maven.apache.org/maven2/org/junit/jupiter/junit-jupiter-engine/5.7.1/junit-jupiter-engine-5.7.1.jar
Progress (1): 16/213 kBProgress (1): 33/213 kBProgress (1): 49/213 kBProgress (1): 66/213 kBProgress (1): 82/213 kBProgress (1): 98/213 kBProgress (1): 115/213 kBProgress (1): 131/213 kBProgress (1): 147/213 kBProgress (1): 164/213 kBProgress (1): 180/213 kBProgress (1): 197/213 kBProgress (1): 213 kB                        Downloaded from central: https://repo.maven.apache.org/maven2/org/junit/jupiter/junit-jupiter-engine/5.7.1/junit-jupiter-engine-5.7.1.jar (213 kB at 1.6 MB/s)
Downloading from central: https://repo.maven.apache.org/maven2/org/junit/jupiter/junit-jupiter-engine/5.7.1/junit-jupiter-engine-5.7.1.pom
Progress (1): 3.2 kB                    Downloaded from central: https://repo.maven.apache.org/maven2/org/junit/jupiter/junit-jupiter-engine/5.7.1/junit-jupiter-engine-5.7.1.pom (3.2 kB at 47 kB/s)
Downloading from central: https://repo.maven.apache.org/maven2/org/junit/platform/junit-platform-engine/1.7.1/junit-platform-engine-1.7.1.pom
Progress (1): 3.2 kB                    Downloaded from central: https://repo.maven.apache.org/maven2/org/junit/platform/junit-platform-engine/1.7.1/junit-platform-engine-1.7.1.pom (3.2 kB at 43 kB/s)
Downloading from central: https://repo.maven.apache.org/maven2/org/junit/platform/junit-platform-engine/1.7.1/junit-platform-engine-1.7.1.jar
Progress (1): 16/181 kBProgress (1): 32/181 kBProgress (1): 49/181 kBProgress (1): 65/181 kBProgress (1): 81/181 kBProgress (1): 98/181 kBProgress (1): 114/181 kBProgress (1): 131/181 kBProgress (1): 147/181 kBProgress (1): 163/181 kBProgress (1): 180/181 kBProgress (1): 181 kB                        Downloaded from central: https://repo.maven.apache.org/maven2/org/junit/platform/junit-platform-engine/1.7.1/junit-platform-engine-1.7.1.jar (181 kB at 2.2 MB/s)
Downloading from central: https://repo.maven.apache.org/maven2/org/junit/platform/junit-platform-launcher/1.7.1/junit-platform-launcher-1.7.1.jar
Progress (1): 16/137 kBProgress (1): 33/137 kBProgress (1): 49/137 kBProgress (1): 66/137 kBProgress (1): 82/137 kBProgress (1): 98/137 kBProgress (1): 115/137 kBProgress (1): 131/137 kBProgress (1): 137 kB                        Downloaded from central: https://repo.maven.apache.org/maven2/org/junit/platform/junit-platform-launcher/1.7.1/junit-platform-launcher-1.7.1.jar (137 kB at 1.7 MB/s)
Downloading from central: https://repo.maven.apache.org/maven2/org/junit/platform/junit-platform-launcher/1.7.1/junit-platform-launcher-1.7.1.pom
Progress (1): 3.0 kB                    Downloaded from central: https://repo.maven.apache.org/maven2/org/junit/platform/junit-platform-launcher/1.7.1/junit-platform-launcher-1.7.1.pom (3.0 kB at 47 kB/s)
[INFO] 
[INFO] -------------------------------------------------------
[INFO]  T E S T S
[INFO] -------------------------------------------------------
[INFO] Running api.tests.BookingsTest
{"firstname":"Eric","lastname":"Jackson","totalprice":855,"depositpaid":false,"bookingdates":{"checkin":"2023-03-26","checkout":"2023-04-09"},"additionalneeds":"Breakfast"}
{"bookingid":4150,"booking":{"firstname":"Jim","lastname":"Brown","totalprice":111,"depositpaid":true,"bookingdates":{"checkin":"2018-01-01","checkout":"2019-01-01"},"additionalneeds":"Breakfast"}}
[ERROR] Tests run: 4, Failures: 1, Errors: 0, Skipped: 1, Time elapsed: 4.529 s <<< FAILURE! - in api.tests.BookingsTest
[ERROR] api.tests.BookingsTest.verifyBooking  Time elapsed: 2.061 s  <<< FAILURE!
org.opentest4j.AssertionFailedError: expected: <Mark> but was: <Eric>
	at api.tests.BookingsTest.verifyBooking(BookingsTest.java:31)

[INFO] 
[INFO] Results:
[INFO] 
[ERROR] Failures: 
[ERROR]   BookingsTest.verifyBooking:31 expected: <Mark> but was: <Eric>
[INFO] 
[ERROR] Tests run: 4, Failures: 1, Errors: 0, Skipped: 1
[INFO] 
[ERROR] There are test failures.

Please refer to /app/target/surefire-reports for the individual test results.
Please refer to dump files (if any exist) [date].dump, [date]-jvmRun[N].dump and [date].dumpstream.
[INFO] ------------------------------------------------------------------------
[INFO] BUILD SUCCESS
[INFO] ------------------------------------------------------------------------
[INFO] Total time:  9.674 s
[INFO] Finished at: 2023-07-24T06:30:51Z
[INFO] ------------------------------------------------------------------------
